INFO 2020/06/22 13:46:32 utils.go:39: user moonstviolet signup
INFO 2020/06/22 13:46:37 utils.go:39: user moonstviolet login
INFO 2020/06/22 13:46:44 utils.go:39: {1 1 司空君为什么这么可爱？ <p>如题。</p>   1 1 2020-06-22 13:46:44.0626215 +0800 CST m=+49.220294701}
INFO 2020/06/22 13:46:51 utils.go:39: {2 1 如何成为一个像司空君这样优秀的人？ <p>如题。</p>   1 1 2020-06-22 13:46:51.9407839 +0800 CST m=+57.098457101}
INFO 2020/06/22 14:04:03 utils.go:39: user moonstviolet signup
INFO 2020/06/22 14:04:08 utils.go:39: user moonstviolet login
WARNING 2020/06/22 14:05:53 utils.go:49: <nil>
INFO 2020/06/25 10:53:54 utils.go:39: user moonstviolet login
WARNING 2020/06/25 10:54:24 utils.go:49: <nil>
INFO 2020/06/25 10:55:57 utils.go:39: [{1 2 1 <p>10姐姐真是tql~</p> 2020-06-22 06:05:53.23 +0000 UTC} {2 2 1 <p>2222</p> 2020-06-25 02:54:24.824 +0000 UTC}]
WARNING 2020/06/25 10:56:01 utils.go:49: <nil>
INFO 2020/06/25 10:56:01 utils.go:39: [{1 2 1 <p>10姐姐真是tql~</p> 2020-06-22 06:05:53.23 +0000 UTC} {2 2 1 <p>2222</p> 2020-06-25 02:54:24.824 +0000 UTC} {3 2 1 <p>4444</p> 2020-06-25 02:56:01.68 +0000 UTC}]
INFO 2020/06/25 10:56:49 utils.go:39: [{1 2 1 <p>10姐姐真是tql~</p> 2020-06-22 06:05:53.23 +0000 UTC} {2 2 1 <p>2222</p> 2020-06-25 02:54:24.824 +0000 UTC} {3 2 1 <p>4444</p> 2020-06-25 02:56:01.68 +0000 UTC}]
INFO 2020/06/25 10:58:34 utils.go:39: [{1 2 1  <p>10姐姐真是tql~</p> 2020-06-22 06:05:53.23 +0000 UTC} {2 2 1  <p>2222</p> 2020-06-25 02:54:24.824 +0000 UTC} {3 2 1  <p>4444</p> 2020-06-25 02:56:01.68 +0000 UTC}]
INFO 2020/06/25 10:59:24 utils.go:39: user moonstviolet signup
INFO 2020/06/25 10:59:31 utils.go:39: user moonstviolet login
INFO 2020/06/25 11:00:23 utils.go:39: []
INFO 2020/06/25 11:00:27 utils.go:39: []
WARNING 2020/06/25 11:05:56 utils.go:49: <nil>
INFO 2020/06/25 11:05:56 utils.go:39: [{1 1 1  <p>谢邀。</p><p>有幸和刘一麟同学做过XCPC队友。在刘一麟身上我看到了清华特奖得主陈立杰的影子，他不是那种只知道埋头苦读刷绩点的所谓学霸，而是有志于解决计算机科学领域核心问题，影响和改变世界的天才少年。</p><p>希望未来他能“成为一名理论计算机科学家，成为黄金时代的一朵浪花，为人类的智慧添砖加瓦”。</p> 2020-06-25 03:05:56.075 +0000 UTC}]
INFO 2020/06/25 11:05:58 utils.go:39: [{1 1 1  <p>谢邀。</p><p>有幸和刘一麟同学做过XCPC队友。在刘一麟身上我看到了清华特奖得主陈立杰的影子，他不是那种只知道埋头苦读刷绩点的所谓学霸，而是有志于解决计算机科学领域核心问题，影响和改变世界的天才少年。</p><p>希望未来他能“成为一名理论计算机科学家，成为黄金时代的一朵浪花，为人类的智慧添砖加瓦”。</p> 2020-06-25 03:05:56.075 +0000 UTC}]
INFO 2020/06/25 11:07:49 utils.go:39: []
INFO 2020/06/25 11:07:55 utils.go:39: user moonstviolet login
INFO 2020/06/25 11:08:11 utils.go:39: []
WARNING 2020/06/25 11:09:26 utils.go:49: <nil>
INFO 2020/06/25 11:09:26 utils.go:39: [{1 1 1 Reverie <div><span>谢邀。</span></div><div><span>有幸和刘一麟同学做过XCPC队友。在刘一麟身上我看到了清华特奖得主陈立杰的影子，他不是那种只知道埋头苦读刷绩点的所谓学霸，而是有志于解决计算机科学领域核心问题，影响和改变世界的天才少年。</span></div><div>希望未来他能“<span style="font-weight: bold;">成为一名理论计算机科学家，成为黄金时代的一朵浪花，为人类的智慧添砖加瓦</span>”。</div> 2020-06-25 03:09:26.681 +0000 UTC}]
INFO 2020/06/25 11:09:30 utils.go:39: [{1 1 1 Reverie <div><span>谢邀。</span></div><div><span>有幸和刘一麟同学做过XCPC队友。在刘一麟身上我看到了清华特奖得主陈立杰的影子，他不是那种只知道埋头苦读刷绩点的所谓学霸，而是有志于解决计算机科学领域核心问题，影响和改变世界的天才少年。</span></div><div>希望未来他能“<span style="font-weight: bold;">成为一名理论计算机科学家，成为黄金时代的一朵浪花，为人类的智慧添砖加瓦</span>”。</div> 2020-06-25 03:09:26.681 +0000 UTC}]
INFO 2020/06/25 14:56:31 utils.go:39: [{1 1 1 Reverie <div><span>谢邀。</span></div><div><span>有幸和刘一麟同学做过XCPC队友。在刘一麟身上我看到了清华特奖得主陈立杰的影子，他不是那种只知道埋头苦读刷绩点的所谓学霸，而是有志于解决计算机科学领域核心问题，影响和改变世界的天才少年。</span></div><div>希望未来他能“<span style="font-weight: bold;">成为一名理论计算机科学家，成为黄金时代的一朵浪花，为人类的智慧添砖加瓦</span>”。</div> 2020-06-25 03:09:26.681 +0000 UTC}]
INFO 2020/06/25 14:56:45 utils.go:39: [{1 1 1 Reverie <div><span>谢邀。</span></div><div><span>有幸和刘一麟同学做过XCPC队友。在刘一麟身上我看到了清华特奖得主陈立杰的影子，他不是那种只知道埋头苦读刷绩点的所谓学霸，而是有志于解决计算机科学领域核心问题，影响和改变世界的天才少年。</span></div><div>希望未来他能“<span style="font-weight: bold;">成为一名理论计算机科学家，成为黄金时代的一朵浪花，为人类的智慧添砖加瓦</span>”。</div> 2020-06-25 03:09:26.681 +0000 UTC}]
INFO 2020/06/25 14:58:15 utils.go:39: [{1 1 1 Reverie <div><span>谢邀。</span></div><div><span>有幸和刘一麟同学做过XCPC队友。在刘一麟身上我看到了清华特奖得主陈立杰的影子，他不是那种只知道埋头苦读刷绩点的所谓学霸，而是有志于解决计算机科学领域核心问题，影响和改变世界的天才少年。</span></div><div>希望未来他能“<span style="font-weight: bold;">成为一名理论计算机科学家，成为黄金时代的一朵浪花，为人类的智慧添砖加瓦</span>”。</div> 2020-06-25 03:09:26.681 +0000 UTC}]
INFO 2020/06/25 14:58:45 utils.go:39: [{1 1 1 Reverie <div><span>谢邀。</span></div><div><span>有幸和刘一麟同学做过XCPC队友。在刘一麟身上我看到了清华特奖得主陈立杰的影子，他不是那种只知道埋头苦读刷绩点的所谓学霸，而是有志于解决计算机科学领域核心问题，影响和改变世界的天才少年。</span></div><div>希望未来他能“<span style="font-weight: bold;">成为一名理论计算机科学家，成为黄金时代的一朵浪花，为人类的智慧添砖加瓦</span>”。</div> 2020-06-25 03:09:26.681 +0000 UTC}]
INFO 2020/06/25 14:58:52 utils.go:39: [{1 1 1 Reverie <div><span>谢邀。</span></div><div><span>有幸和刘一麟同学做过XCPC队友。在刘一麟身上我看到了清华特奖得主陈立杰的影子，他不是那种只知道埋头苦读刷绩点的所谓学霸，而是有志于解决计算机科学领域核心问题，影响和改变世界的天才少年。</span></div><div>希望未来他能“<span style="font-weight: bold;">成为一名理论计算机科学家，成为黄金时代的一朵浪花，为人类的智慧添砖加瓦</span>”。</div> 2020-06-25 03:09:26.681 +0000 UTC}]
INFO 2020/06/25 14:58:57 utils.go:39: [{1 1 1 Reverie <div><span>谢邀。</span></div><div><span>有幸和刘一麟同学做过XCPC队友。在刘一麟身上我看到了清华特奖得主陈立杰的影子，他不是那种只知道埋头苦读刷绩点的所谓学霸，而是有志于解决计算机科学领域核心问题，影响和改变世界的天才少年。</span></div><div>希望未来他能“<span style="font-weight: bold;">成为一名理论计算机科学家，成为黄金时代的一朵浪花，为人类的智慧添砖加瓦</span>”。</div> 2020-06-25 03:09:26.681 +0000 UTC}]
INFO 2020/06/25 14:58:59 utils.go:39: [{1 1 1 Reverie <div><span>谢邀。</span></div><div><span>有幸和刘一麟同学做过XCPC队友。在刘一麟身上我看到了清华特奖得主陈立杰的影子，他不是那种只知道埋头苦读刷绩点的所谓学霸，而是有志于解决计算机科学领域核心问题，影响和改变世界的天才少年。</span></div><div>希望未来他能“<span style="font-weight: bold;">成为一名理论计算机科学家，成为黄金时代的一朵浪花，为人类的智慧添砖加瓦</span>”。</div> 2020-06-25 03:09:26.681 +0000 UTC}]
INFO 2020/06/25 14:59:05 utils.go:39: [{1 1 1 Reverie <div><span>谢邀。</span></div><div><span>有幸和刘一麟同学做过XCPC队友。在刘一麟身上我看到了清华特奖得主陈立杰的影子，他不是那种只知道埋头苦读刷绩点的所谓学霸，而是有志于解决计算机科学领域核心问题，影响和改变世界的天才少年。</span></div><div>希望未来他能“<span style="font-weight: bold;">成为一名理论计算机科学家，成为黄金时代的一朵浪花，为人类的智慧添砖加瓦</span>”。</div> 2020-06-25 03:09:26.681 +0000 UTC}]
INFO 2020/06/25 14:59:21 utils.go:39: [{1 1 1 Reverie <div><span>谢邀。</span></div><div><span>有幸和刘一麟同学做过XCPC队友。在刘一麟身上我看到了清华特奖得主陈立杰的影子，他不是那种只知道埋头苦读刷绩点的所谓学霸，而是有志于解决计算机科学领域核心问题，影响和改变世界的天才少年。</span></div><div>希望未来他能“<span style="font-weight: bold;">成为一名理论计算机科学家，成为黄金时代的一朵浪花，为人类的智慧添砖加瓦</span>”。</div> 2020-06-25 03:09:26.681 +0000 UTC}]
INFO 2020/06/25 14:59:23 utils.go:39: [{1 1 1 Reverie <div><span>谢邀。</span></div><div><span>有幸和刘一麟同学做过XCPC队友。在刘一麟身上我看到了清华特奖得主陈立杰的影子，他不是那种只知道埋头苦读刷绩点的所谓学霸，而是有志于解决计算机科学领域核心问题，影响和改变世界的天才少年。</span></div><div>希望未来他能“<span style="font-weight: bold;">成为一名理论计算机科学家，成为黄金时代的一朵浪花，为人类的智慧添砖加瓦</span>”。</div> 2020-06-25 03:09:26.681 +0000 UTC}]
INFO 2020/06/25 14:59:25 utils.go:39: [{1 1 1 Reverie <div><span>谢邀。</span></div><div><span>有幸和刘一麟同学做过XCPC队友。在刘一麟身上我看到了清华特奖得主陈立杰的影子，他不是那种只知道埋头苦读刷绩点的所谓学霸，而是有志于解决计算机科学领域核心问题，影响和改变世界的天才少年。</span></div><div>希望未来他能“<span style="font-weight: bold;">成为一名理论计算机科学家，成为黄金时代的一朵浪花，为人类的智慧添砖加瓦</span>”。</div> 2020-06-25 03:09:26.681 +0000 UTC}]
INFO 2020/06/25 14:59:26 utils.go:39: [{1 1 1 Reverie <div><span>谢邀。</span></div><div><span>有幸和刘一麟同学做过XCPC队友。在刘一麟身上我看到了清华特奖得主陈立杰的影子，他不是那种只知道埋头苦读刷绩点的所谓学霸，而是有志于解决计算机科学领域核心问题，影响和改变世界的天才少年。</span></div><div>希望未来他能“<span style="font-weight: bold;">成为一名理论计算机科学家，成为黄金时代的一朵浪花，为人类的智慧添砖加瓦</span>”。</div> 2020-06-25 03:09:26.681 +0000 UTC}]
INFO 2020/06/25 14:59:36 utils.go:39: [{1 1 1 Reverie <div><span>谢邀。</span></div><div><span>有幸和刘一麟同学做过XCPC队友。在刘一麟身上我看到了清华特奖得主陈立杰的影子，他不是那种只知道埋头苦读刷绩点的所谓学霸，而是有志于解决计算机科学领域核心问题，影响和改变世界的天才少年。</span></div><div>希望未来他能“<span style="font-weight: bold;">成为一名理论计算机科学家，成为黄金时代的一朵浪花，为人类的智慧添砖加瓦</span>”。</div> 2020-06-25 03:09:26.681 +0000 UTC}]
